app/build/intermediates/manifest_merge_blame_file/release/manifest-merger-blame-release-report.txt
1<?xml version="1.0" encoding="utf-8"?>
2<!--
3  ~ /*
4  ~
5  ~  *
6  ~
7  ~  *  Created By SAI RAM GUDI on 09/09/2020 05:00 PM
8  ~
9  ~  *  Copyright © 2020. All rights reserved © 2020
10  ~
11  ~  *  Last Modified: 10/09/2020 7:30 PM
12  ~
13  ~  *
14  ~
15  ~  */
16  ~  */
17-->
18<manifest xmlns:android="http://schemas.android.com/apk/res/android"
19    package="com.example.aesrajat"
20    android:versionCode="1"
21    android:versionName="1.0" >
22
23    <uses-sdk
24        android:minSdkVersion="15"
24-->src\main\AndroidManifest.xml
25        android:targetSdkVersion="28" />
25-->src\main\AndroidManifest.xml
26
27    <uses-permission android:name="android.permission.SEND_SMS" />
27-->src\main\AndroidManifest.xml:22:5-83
27-->src\main\AndroidManifest.xml:22:22-64
28
29    <application
29-->src\main\AndroidManifest.xml:24:5-38:19
30        android:allowBackup="true"
30-->src\main\AndroidManifest.xml:25:9-35
31        android:appComponentFactory="android.support.v4.app.CoreComponentFactory"
31-->[com.android.support:support-compat:28.0.0] AndroidManifest.xml:22:18-91
32        android:icon="@drawable/logo"
32-->src\main\AndroidManifest.xml:26:9-38
33        android:label="@string/app_name"
33-->src\main\AndroidManifest.xml:27:9-41
34        android:roundIcon="@mipmap/ic_launcher_round"
34-->src\main\AndroidManifest.xml:28:9-54
35        android:supportsRtl="true"
35-->src\main\AndroidManifest.xml:29:9-35
36        android:theme="@style/AppTheme" >
36-->src\main\AndroidManifest.xml:30:9-40
37        <activity android:name="com.example.SAIRAM.MainActivity" >
37-->src\main\AndroidManifest.xml:31:9-37:20
37-->src\main\AndroidManifest.xml:31:19-65
38            <intent-filter>
38-->src\main\AndroidManifest.xml:32:13-36:29
39                <action android:name="android.intent.action.MAIN" />
39-->src\main\AndroidManifest.xml:33:17-69
39-->src\main\AndroidManifest.xml:33:25-66
40
41                <category android:name="android.intent.category.LAUNCHER" />
41-->src\main\AndroidManifest.xml:35:17-77
41-->src\main\AndroidManifest.xml:35:27-74
42            </intent-filter>
43        </activity>
44    </application>
45
46</manifest>